<?xml version="1.0" encoding="UTF-8"?>
<testng-results skipped="0" failed="0" total="1" passed="1">
  <reporter-output>
  </reporter-output>
  <suite name="Command line suite" duration-ms="50" started-at="2015-05-22T23:27:33Z" finished-at="2015-05-22T23:27:33Z">
    <groups>
    </groups>
    <test name="Command line test" duration-ms="50" started-at="2015-05-22T23:27:33Z" finished-at="2015-05-22T23:27:33Z">
      <class name="ozone.AppTest">
        <test-method status="PASS" signature="testApp()[pri:0, instance:testApp(ozone.AppTest)]" name="testApp" duration-ms="0" started-at="2015-05-23T01:27:33Z" finished-at="2015-05-23T01:27:33Z">
          <reporter-output>
          </reporter-output>
        </test-method> <!-- testApp -->
      </class> <!-- ozone.AppTest -->
    </test> <!-- Command line test -->
  </suite> <!-- Command line suite -->
</testng-results>
