<?xml version="1.0" encoding="UTF-8"?>
<testng-results skipped="0" failed="0" total="1" passed="1">
  <reporter-output>
  </reporter-output>
  <suite name="Command line suite" duration-ms="31" started-at="2015-09-20T23:43:45Z" finished-at="2015-09-20T23:43:45Z">
    <groups>
    </groups>
    <test name="Command line test" duration-ms="31" started-at="2015-09-20T23:43:45Z" finished-at="2015-09-20T23:43:45Z">
      <class name="ozone.service.Impl.CompanyCrudServiceImplNGTest">
        <test-method status="PASS" signature="setUpClass()[pri:0, instance:ozone.service.Impl.CompanyCrudServiceImplNGTest@248a0a]" name="setUpClass" is-config="true" duration-ms="16" started-at="2015-09-21T01:43:45Z" finished-at="2015-09-21T01:43:45Z">
          <reporter-output>
          </reporter-output>
        </test-method> <!-- setUpClass -->
        <test-method status="PASS" signature="testPersist()[pri:0, instance:ozone.service.Impl.CompanyCrudServiceImplNGTest@248a0a]" name="testPersist" duration-ms="15" started-at="2015-09-21T01:43:45Z" finished-at="2015-09-21T01:43:45Z">
          <reporter-output>
          </reporter-output>
        </test-method> <!-- testPersist -->
        <test-method status="PASS" signature="setUpMethod()[pri:0, instance:ozone.service.Impl.CompanyCrudServiceImplNGTest@248a0a]" name="setUpMethod" is-config="true" duration-ms="0" started-at="2015-09-21T01:43:45Z" finished-at="2015-09-21T01:43:45Z">
          <reporter-output>
          </reporter-output>
        </test-method> <!-- setUpMethod -->
        <test-method status="PASS" signature="tearDownMethod()[pri:0, instance:ozone.service.Impl.CompanyCrudServiceImplNGTest@248a0a]" name="tearDownMethod" is-config="true" duration-ms="0" started-at="2015-09-21T01:43:45Z" finished-at="2015-09-21T01:43:45Z">
          <reporter-output>
          </reporter-output>
        </test-method> <!-- tearDownMethod -->
        <test-method status="PASS" signature="tearDownClass()[pri:0, instance:ozone.service.Impl.CompanyCrudServiceImplNGTest@248a0a]" name="tearDownClass" is-config="true" duration-ms="0" started-at="2015-09-21T01:43:45Z" finished-at="2015-09-21T01:43:45Z">
          <reporter-output>
          </reporter-output>
        </test-method> <!-- tearDownClass -->
      </class> <!-- ozone.service.Impl.CompanyCrudServiceImplNGTest -->
    </test> <!-- Command line test -->
  </suite> <!-- Command line suite -->
</testng-results>
