<?xml version="1.0" encoding="UTF-8"?>
<!-- Generated by org.testng.reporters.JUnitXMLReporter -->
<testsuite hostname="E530c1-PC" name="Command line test" tests="7" failures="7" timestamp="20 Sep 2015 20:36:19 GMT" time="0.08" errors="0">
  <testcase name="testCount" time="0.03" classname="ozone.service.Impl.CompanyCrudServiceImplNGTest">
    <failure type="java.lang.UnsupportedOperationException" message="Not supported yet.">
      <![CDATA[java.lang.UnsupportedOperationException: Not supported yet.
	at ozone.service.Impl.CompanyCrudServiceImpl.count(CompanyCrudServiceImpl.java:66)
	at ozone.service.Impl.CompanyCrudServiceImplNGTest.testCount(CompanyCrudServiceImplNGTest.java:143)
... Removed 34 stack frames]]>
    </failure>
  </testcase> <!-- testCount -->
  <testcase name="testFind" time="0.0" classname="ozone.service.Impl.CompanyCrudServiceImplNGTest">
    <failure type="java.lang.UnsupportedOperationException" message="Not supported yet.">
      <![CDATA[java.lang.UnsupportedOperationException: Not supported yet.
	at ozone.service.Impl.CompanyCrudServiceImpl.find(CompanyCrudServiceImpl.java:36)
	at ozone.service.Impl.CompanyCrudServiceImplNGTest.testFind(CompanyCrudServiceImplNGTest.java:53)
... Removed 34 stack frames]]>
    </failure>
  </testcase> <!-- testFind -->
  <testcase name="testFindAll" time="0.0" classname="ozone.service.Impl.CompanyCrudServiceImplNGTest">
    <failure type="java.lang.UnsupportedOperationException" message="Not supported yet.">
      <![CDATA[java.lang.UnsupportedOperationException: Not supported yet.
	at ozone.service.Impl.CompanyCrudServiceImpl.findAll(CompanyCrudServiceImpl.java:56)
	at ozone.service.Impl.CompanyCrudServiceImplNGTest.testFindAll(CompanyCrudServiceImplNGTest.java:113)
... Removed 34 stack frames]]>
    </failure>
  </testcase> <!-- testFindAll -->
  <testcase name="testFindInRange" time="0.0" classname="ozone.service.Impl.CompanyCrudServiceImplNGTest">
    <failure type="java.lang.UnsupportedOperationException" message="Not supported yet.">
      <![CDATA[java.lang.UnsupportedOperationException: Not supported yet.
	at ozone.service.Impl.CompanyCrudServiceImpl.findInRange(CompanyCrudServiceImpl.java:61)
	at ozone.service.Impl.CompanyCrudServiceImplNGTest.testFindInRange(CompanyCrudServiceImplNGTest.java:129)
... Removed 34 stack frames]]>
    </failure>
  </testcase> <!-- testFindInRange -->
  <testcase name="testGetEntitiesByProperName" time="0.0" classname="ozone.service.Impl.CompanyCrudServiceImplNGTest">
    <failure type="java.lang.UnsupportedOperationException" message="Not supported yet.">
      <![CDATA[java.lang.UnsupportedOperationException: Not supported yet.
	at ozone.service.Impl.CompanyCrudServiceImpl.getEntitiesByProperName(CompanyCrudServiceImpl.java:71)
	at ozone.service.Impl.CompanyCrudServiceImplNGTest.testGetEntitiesByProperName(CompanyCrudServiceImplNGTest.java:159)
... Removed 34 stack frames]]>
    </failure>
  </testcase> <!-- testGetEntitiesByProperName -->
  <testcase name="testPersist" time="0.0" classname="ozone.service.Impl.CompanyCrudServiceImplNGTest">
    <failure type="java.lang.AssertionError" message="The test case is a prototype.">
      <![CDATA[java.lang.AssertionError: The test case is a prototype.
	at ozone.service.Impl.CompanyCrudServiceImplNGTest.testPersist(CompanyCrudServiceImplNGTest.java:71)
... Removed 35 stack frames]]>
    </failure>
  </testcase> <!-- testPersist -->
  <testcase name="testRemove" time="0.0" classname="ozone.service.Impl.CompanyCrudServiceImplNGTest">
    <failure type="java.lang.UnsupportedOperationException" message="Not supported yet.">
      <![CDATA[java.lang.UnsupportedOperationException: Not supported yet.
	at ozone.service.Impl.CompanyCrudServiceImpl.remove(CompanyCrudServiceImpl.java:51)
	at ozone.service.Impl.CompanyCrudServiceImplNGTest.testRemove(CompanyCrudServiceImplNGTest.java:100)
... Removed 34 stack frames]]>
    </failure>
  </testcase> <!-- testRemove -->
</testsuite> <!-- Command line test -->
